<?xml version="1.0" encoding="UTF-8"?>
<!-- Generated by org.testng.reporters.JUnitReportReporter -->
<testsuite hostname="Sreeja" name="PageObjectModelProject.com.TestCases.TwoTestWithBeforeTC" tests="2" failures="0" timestamp="6 Dec 2020 17:28:03 GMT" time="23.354" errors="0">
  <testcase name="basicLogout" time="17.032" classname="PageObjectModelProject.com.TestCases.TwoTestWithBeforeTC"/>
  <testcase name="basicLogin" time="6.322" classname="PageObjectModelProject.com.TestCases.TwoTestWithBeforeTC"/>
</testsuite> <!-- PageObjectModelProject.com.TestCases.TwoTestWithBeforeTC -->
