<?xml version="1.0" encoding="UTF-8"?>
<!-- Generated by org.testng.reporters.JUnitReportReporter -->
<testsuite hostname="Sreeja" name="PageObjectModelProject.com.TestCases.TwoTest" tests="2" failures="0" timestamp="6 Dec 2020 16:43:40 GMT" time="18.909" errors="0">
  <testcase name="basicLogin" time="10.849" classname="PageObjectModelProject.com.TestCases.TwoTest"/>
  <testcase name="basicLogout" time="8.060" classname="PageObjectModelProject.com.TestCases.TwoTest"/>
</testsuite> <!-- PageObjectModelProject.com.TestCases.TwoTest -->
