<?xml version="1.0" encoding="UTF-8"?>
<!-- Generated by org.testng.reporters.JUnitReportReporter -->
<testsuite hostname="Sreeja" name="PageObjectModelProject.com.TestCases.LoginTest" tests="1" failures="0" timestamp="6 Dec 2020 17:07:58 GMT" time="20.971" errors="0">
  <testcase name="basicLogin" time="20.971" classname="PageObjectModelProject.com.TestCases.LoginTest"/>
</testsuite> <!-- PageObjectModelProject.com.TestCases.LoginTest -->
