<?xml version="1.0" encoding="UTF-8"?>
<!-- Generated by org.testng.reporters.JUnitReportReporter -->
<testsuite hostname="Sreeja" name="PageObjectModelProject.com.TestCases.TC03" tests="1" failures="0" timestamp="6 Dec 2020 17:12:06 GMT" time="2.762" errors="0">
  <testcase name="homecontact" time="2.762" classname="PageObjectModelProject.com.TestCases.TC03"/>
</testsuite> <!-- PageObjectModelProject.com.TestCases.TC03 -->
