<?xml version="1.0" encoding="UTF-8"?>
<!-- Generated by org.testng.reporters.JUnitReportReporter -->
<testsuite hostname="Sreeja" name="PageObjectModelProject.com.TestCases.DataDriven" tests="3" failures="0" timestamp="14 Dec 2020 11:59:10 GMT" time="75.826" errors="0">
  <testcase name="basicLogin" time="23.110" classname="PageObjectModelProject.com.TestCases.DataDriven"/>
  <testcase name="basicLogin" time="28.526" classname="PageObjectModelProject.com.TestCases.DataDriven"/>
  <testcase name="basicLogin" time="24.190" classname="PageObjectModelProject.com.TestCases.DataDriven"/>
</testsuite> <!-- PageObjectModelProject.com.TestCases.DataDriven -->
